\BOOKMARK [1][-]{section.1}{Computational Physics: First project}{}% 1
\BOOKMARK [2][-]{subsection.1.1}{\(a\): The fundamental math}{section.1}% 2
\BOOKMARK [3][-]{subsubsection.1.1.1}{Intro}{subsection.1.1}% 3
\BOOKMARK [3][-]{subsubsection.1.1.2}{Method}{subsection.1.1}% 4
\BOOKMARK [3][-]{subsubsection.1.1.3}{Results}{subsection.1.1}% 5
\BOOKMARK [3][-]{subsubsection.1.1.4}{Discussion}{subsection.1.1}% 6
\BOOKMARK [2][-]{subsection.1.2}{\(b\)}{section.1}% 7
\BOOKMARK [3][-]{subsubsection.1.2.1}{Intro}{subsection.1.2}% 8
\BOOKMARK [3][-]{subsubsection.1.2.2}{Method}{subsection.1.2}% 9
\BOOKMARK [3][-]{subsubsection.1.2.3}{Results}{subsection.1.2}% 10
\BOOKMARK [3][-]{subsubsection.1.2.4}{Discussion}{subsection.1.2}% 11
\BOOKMARK [2][-]{subsection.1.3}{\(c\)}{section.1}% 12
\BOOKMARK [3][-]{subsubsection.1.3.1}{Intro}{subsection.1.3}% 13
\BOOKMARK [3][-]{subsubsection.1.3.2}{Method}{subsection.1.3}% 14
\BOOKMARK [3][-]{subsubsection.1.3.3}{Results}{subsection.1.3}% 15
\BOOKMARK [3][-]{subsubsection.1.3.4}{Discussion}{subsection.1.3}% 16
\BOOKMARK [2][-]{subsection.1.4}{\(d\)}{section.1}% 17
\BOOKMARK [3][-]{subsubsection.1.4.1}{Intro}{subsection.1.4}% 18
\BOOKMARK [3][-]{subsubsection.1.4.2}{Method}{subsection.1.4}% 19
\BOOKMARK [3][-]{subsubsection.1.4.3}{Results}{subsection.1.4}% 20
\BOOKMARK [3][-]{subsubsection.1.4.4}{Discussion}{subsection.1.4}% 21
\BOOKMARK [2][-]{subsection.1.5}{\(e\)}{section.1}% 22
\BOOKMARK [3][-]{subsubsection.1.5.1}{Intro}{subsection.1.5}% 23
\BOOKMARK [3][-]{subsubsection.1.5.2}{Method}{subsection.1.5}% 24
\BOOKMARK [3][-]{subsubsection.1.5.3}{Results}{subsection.1.5}% 25
\BOOKMARK [3][-]{subsubsection.1.5.4}{Discussion}{subsection.1.5}% 26
\BOOKMARK [1][-]{section.2}{Appendix - Program list}{}% 27
